<?xml version="1.0" encoding="UTF-8"?>
<testsuite name="at.tugraz.ist.qs2023.MessageBoardProperties" tests="0" skipped="0" failures="0" errors="0" timestamp="1970-01-01T00:00:00" hostname="BEOMUS" time="0.0">
  <properties/>
  <system-out><![CDATA[Running property: MessageBoardProperties.message length: Publish + Ack [R1]Running property: MessageBoardProperties.Message length: Edit + Ack [R1] Running property: MessageBoardProperties.user blocked after USER_BLOCKED_AT_COUNT reports: Publish + Ack [R2]Running property: MessageBoardProperties.report user not previously banned: Publish + Ack [R8]Running property: MessageBoardProperties.no identical messages: Publish + Ack [R3]Running property: MessageBoardProperties.operation on non-existent message:  Publish + Ack [R4]Running property: MessageBoardProperties.message liked/disliked once: Like/Dislike + Ack [R5]Running property: MessageBoardProperties.retrieve all messages of an author: GetAuthorMessages + Ack [R6]Running property: MessageBoardProperties.search for messages containing a given text: SearchMessages + Ack [R7]Running property: MessageBoardProperties.report user only once: Report + Ack [R8]Running property: MessageBoardProperties.successful requests receive OperationAck or ReactionResponse [R9]Running property: MessageBoardProperties.ban user: Publish + Ack [R10]Running property: MessageBoardProperties.likes add two points, dislikes remove one point [R11]Running property: MessageBoardProperties.removing like decreases two points, removing dislike increases one point [R12]Running property: MessageBoardProperties.like/dislike can only be removed by the same user [R13]Running property: MessageBoardProperties.all reactions from a user must be different [R14]Running property: MessageBoardProperties.an author cannot edit a message to duplicate content [R15]Running property: MessageBoardProperties.only the author of a message is able to edit it [R16]Running property: MessageBoardProperties.only the author of a message is able to delete it [R17]]]></system-out>
  <system-err><![CDATA[]]></system-err>
</testsuite>
